<?xml version="1.0" encoding="UTF-8"?>
<!-- Generated by org.testng.reporters.JUnitReportReporter -->
<testsuite hostname="LAPTOP-43NVEE8P" name="com.gmailproject.testcases.SignInTest" tests="1" failures="0" timestamp="6 Aug 2019 20:29:18 GMT" time="39.789" errors="0">
  <testcase name="gmailSendAndReceiveEmailTest" time="39.789" classname="com.gmailproject.testcases.SignInTest"/>
</testsuite> <!-- com.gmailproject.testcases.SignInTest -->
