<?xml version="1.0" encoding="UTF-8"?>
<!-- Generated by org.testng.reporters.JUnitReportReporter -->
<testsuite hostname="LAPTOP-43NVEE8P" name="com.gmailproject.testcases.SignInTest" tests="3" failures="0" timestamp="6 Aug 2019 21:22:22 GMT" time="76.263" errors="0">
  <testcase name="gmailSendAndReceiveEmailTest" time="44.720" classname="com.gmailproject.testcases.SignInTest"/>
  <testcase name="gmailSignInTest" time="24.927" classname="com.gmailproject.testcases.SignInTest"/>
  <testcase name="verifyGmailLoginPageTest" time="6.616" classname="com.gmailproject.testcases.SignInTest"/>
</testsuite> <!-- com.gmailproject.testcases.SignInTest -->
